<?xml version="1.0" encoding="UTF-8"?>
<!-- Generated by org.testng.reporters.JUnitReportReporter -->
<testsuite hostname="DESKTOP-MBFFVHG" failures="0" tests="1" name="pageobject.LoginTestcase" time="21.147" errors="0" timestamp="2023-09-30T09:50:46 IST" skipped="0">
  <testcase classname="pageobject.LoginTestcase" name="loginphppage" time="21.147"/>
</testsuite> <!-- pageobject.LoginTestcase -->
